<?xml version="1.0" encoding="UTF-8"?>
<testsuite name="com.bridgelabz.EmployeePayrollServiceTest" tests="1" skipped="0" failures="0" errors="0" timestamp="2021-02-02T11:14:38" hostname="DESKTOP-1TCPMKQ" time="0.412">
  <properties/>
  <testcase name="givenNewSalaryForEmployee_WhenUpdated_ShouldSyncWithDB" classname="com.bridgelabz.EmployeePayrollServiceTest" time="0.412"/>
  <system-out><![CDATA[Connecting to database: jdbc:mysql://localhost:3306/payroll_service?useSSL=false
Connection is Successful!!!!!!!!com.mysql.jdbc.JDBC4Connection@7e476a2d
Connecting to database: jdbc:mysql://localhost:3306/payroll_service?useSSL=false
Connection is Successful!!!!!!!!com.mysql.jdbc.JDBC4Connection@42515454
Connecting to database: jdbc:mysql://localhost:3306/payroll_service?useSSL=false
Connection is Successful!!!!!!!!com.mysql.jdbc.JDBC4Connection@5d16acb
true
]]></system-out>
  <system-err><![CDATA[]]></system-err>
</testsuite>
